<?xml version="1.0" encoding="UTF-8" ?>
<testsuites id="2026-03-01" name="report_5" tests="43" failures="0" skipped="0" flaky="0" time="0.000">
	<testsuite id="0" name="test_combo_tracker" package="tests/unit/components" timestamp="2026-03-01T21:17:25" hostname="localhost" tests="11" failures="0" errors="0" skipped="0" flaky="0" time="2.167">
		<testcase name="test_initial_step_is_zero" classname="test_combo_tracker" time="0.092">
		</testcase>
		<testcase name="test_advance_step_increments" classname="test_combo_tracker" time="0.094">
		</testcase>
		<testcase name="test_advance_past_max_resets_to_zero" classname="test_combo_tracker" time="0.094">
		</testcase>
		<testcase name="test_reset_sets_step_to_zero" classname="test_combo_tracker" time="0.079">
		</testcase>
		<testcase name="test_combo_window_active_after_advance" classname="test_combo_tracker" time="0.095">
		</testcase>
		<testcase name="test_combo_window_not_active_initially" classname="test_combo_tracker" time="0.080">
		</testcase>
		<testcase name="test_combo_window_expires_after_timeout" classname="test_combo_tracker" time="0.079">
		</testcase>
		<testcase name="test_combo_window_still_active_before_timeout" classname="test_combo_tracker" time="0.094">
		</testcase>
		<testcase name="test_step_resets_on_window_expiry" classname="test_combo_tracker" time="0.077">
		</testcase>
		<testcase name="test_full_combo_sequence" classname="test_combo_tracker" time="0.093">
		</testcase>
		<testcase name="test_window_not_active_after_combo_finish" classname="test_combo_tracker" time="0.048">
		</testcase>
	</testsuite>
	<testsuite id="1" name="test_damage_calculator" package="tests/unit/components" timestamp="2026-03-01T21:17:27" hostname="localhost" tests="7" failures="0" errors="0" skipped="0" flaky="0" time="1.441">
		<testcase name="test_basic_damage_calculation" classname="test_damage_calculator" time="0.094">
		</testcase>
		<testcase name="test_multiplier_increases_damage" classname="test_damage_calculator" time="0.079">
		</testcase>
		<testcase name="test_defense_reduces_damage" classname="test_damage_calculator" time="0.095">
		</testcase>
		<testcase name="test_defense_does_not_make_damage_below_one" classname="test_damage_calculator" time="0.094">
		</testcase>
		<testcase name="test_zero_base_damage_returns_zero" classname="test_damage_calculator" time="0.094">
		</testcase>
		<testcase name="test_light_attack_damage_from_constants" classname="test_damage_calculator" time="0.093">
		</testcase>
		<testcase name="test_heavy_attack_damage_from_constants" classname="test_damage_calculator" time="0.094">
		</testcase>
	</testsuite>
	<testsuite id="2" name="test_health_component" package="tests/unit/components" timestamp="2026-03-01T21:17:29" hostname="localhost" tests="14" failures="0" errors="0" skipped="0" flaky="0" time="2.922">
		<testcase name="test_initial_hp_equals_max_hp" classname="test_health_component" time="0.095">
		</testcase>
		<testcase name="test_take_damage_reduces_hp" classname="test_health_component" time="0.093">
		</testcase>
		<testcase name="test_take_damage_does_not_go_below_zero" classname="test_health_component" time="0.095">
		</testcase>
		<testcase name="test_take_zero_damage_does_nothing" classname="test_health_component" time="0.063">
		</testcase>
		<testcase name="test_take_negative_damage_is_ignored" classname="test_health_component" time="0.094">
		</testcase>
		<testcase name="test_is_dead_returns_false_when_alive" classname="test_health_component" time="0.094">
		</testcase>
		<testcase name="test_is_dead_returns_true_at_zero_hp" classname="test_health_component" time="0.078">
		</testcase>
		<testcase name="test_heal_increases_hp" classname="test_health_component" time="0.093">
		</testcase>
		<testcase name="test_heal_does_not_exceed_max_hp" classname="test_health_component" time="0.095">
		</testcase>
		<testcase name="test_multiple_damage_instances_accumulate" classname="test_health_component" time="0.094">
		</testcase>
		<testcase name="test_take_damage_after_death_does_not_change_hp" classname="test_health_component" time="0.094">
		</testcase>
		<testcase name="test_set_max_hp_updates_ceiling" classname="test_health_component" time="0.080">
		</testcase>
		<testcase name="test_reset_restores_full_health" classname="test_health_component" time="0.095">
		</testcase>
		<testcase name="test_heal_after_death_is_ignored" classname="test_health_component" time="0.079">
		</testcase>
	</testsuite>
	<testsuite id="3" name="test_state_machine" package="tests/unit/systems" timestamp="2026-03-01T21:17:32" hostname="localhost" tests="11" failures="0" errors="0" skipped="0" flaky="0" time="2.190">
		<testcase name="test_initial_state_is_set_correctly" classname="test_state_machine" time="0.097">
		</testcase>
		<testcase name="test_initial_state_enter_is_called" classname="test_state_machine" time="0.093">
		</testcase>
		<testcase name="test_transition_changes_current_state" classname="test_state_machine" time="0.080">
		</testcase>
		<testcase name="test_transition_calls_exit_on_old_state" classname="test_state_machine" time="0.063">
		</testcase>
		<testcase name="test_transition_calls_enter_on_new_state" classname="test_state_machine" time="0.080">
		</testcase>
		<testcase name="test_transition_to_same_state_does_nothing" classname="test_state_machine" time="0.080">
		</testcase>
		<testcase name="test_previous_state_name_tracks_history" classname="test_state_machine" time="0.063">
		</testcase>
		<testcase name="test_multiple_states_can_be_registered" classname="test_state_machine" time="0.095">
		</testcase>
		<testcase name="test_get_current_state_returns_state_object" classname="test_state_machine" time="0.095">
		</testcase>
		<testcase name="test_state_receives_machine_reference" classname="test_state_machine" time="0.078">
		</testcase>
		<testcase name="test_transition_chain" classname="test_state_machine" time="0.080">
		</testcase>
	</testsuite>
</testsuites>
