<?xml version="1.0" encoding="UTF-8" ?>
<testsuites id="2026-03-01" name="report_7" tests="14" failures="0" skipped="0" flaky="0" time="0.000">
	<testsuite id="0" name="test_tp_tracker" package="tests/unit/components" timestamp="2026-03-01T23:09:35" hostname="localhost" tests="14" failures="0" errors="0" skipped="0" flaky="0" time="0.433">
		<testcase name="test_initial_tp_is_zero" classname="test_tp_tracker" time="0.020">
		</testcase>
		<testcase name="test_max_tp_equals_constant" classname="test_tp_tracker" time="0.015">
		</testcase>
		<testcase name="test_add_tp_increases_current" classname="test_tp_tracker" time="0.009">
		</testcase>
		<testcase name="test_add_tp_clamps_to_max" classname="test_tp_tracker" time="0.152">
		</testcase>
		<testcase name="test_add_tp_zero_does_nothing" classname="test_tp_tracker" time="0.008">
		</testcase>
		<testcase name="test_add_tp_negative_is_ignored" classname="test_tp_tracker" time="0.009">
		</testcase>
		<testcase name="test_spend_tp_reduces_current" classname="test_tp_tracker" time="0.009">
		</testcase>
		<testcase name="test_spend_tp_fails_when_insufficient" classname="test_tp_tracker" time="0.008">
		</testcase>
		<testcase name="test_spend_tp_exact_amount_succeeds" classname="test_tp_tracker" time="0.012">
		</testcase>
		<testcase name="test_tick_regen_increases_tp" classname="test_tp_tracker" time="0.008">
		</testcase>
		<testcase name="test_tick_regen_clamps_to_max" classname="test_tp_tracker" time="0.007">
		</testcase>
		<testcase name="test_reset_clears_tp" classname="test_tp_tracker" time="0.010">
		</testcase>
		<testcase name="test_tp_changed_signal_on_add" classname="test_tp_tracker" time="0.016">
		</testcase>
		<testcase name="test_tp_spent_signal_on_spend" classname="test_tp_tracker" time="0.017">
		</testcase>
	</testsuite>
</testsuites>
